<?xml version="1.0" encoding="UTF-8"?>
<!-- Generated by org.testng.reporters.JUnitReportReporter -->
<testsuite skipped="0" hostname="LAPTOP-BPSJ71E6" name="com.adactin.runner.AdactinTesting" tests="1" failures="0" timestamp="2020-05-21T14:41:28 IST" time="23.858" errors="0">
  <testcase name="Sample" time="23.858" classname="com.adactin.runner.AdactinTesting"/>
  <system-out/>
</testsuite> <!-- com.adactin.runner.AdactinTesting -->
